#
# There is insufficient memory for the Java Runtime Environment to continue.
# Native memory allocation (malloc) failed to allocate 1048576 bytes for AllocateHeap
# Possible reasons:
#   The system is out of physical RAM or swap space
#   The process is running with CompressedOops enabled, and the Java Heap may be blocking the growth of the native heap
# Possible solutions:
#   Reduce memory load on the system
#   Increase physical memory or swap space
#   Check if swap backing store is full
#   Decrease Java heap size (-Xmx/-Xms)
#   Decrease number of Java threads
#   Decrease Java thread stack sizes (-Xss)
#   Set larger code cache with -XX:ReservedCodeCacheSize=
#   JVM is running with Zero Based Compressed Oops mode in which the Java heap is
#     placed in the first 32GB address space. The Java Heap base address is the
#     maximum limit for the native heap growth. Please use -XX:HeapBaseMinAddress
#     to set the Java Heap base and to place the Java Heap above 32GB virtual address.
# This output file may be truncated or incomplete.
#
#  Out of Memory Error (memory/allocation.inline.hpp:61), pid=14904, tid=0x000000000000511c
#
# JRE version:  (8.0) (build )
# Java VM: OpenJDK 64-Bit Server VM (25.71-b00 mixed mode windows-amd64 compressed oops)
# Failed to write core dump. Minidumps are not enabled by default on client versions of Windows
#

---------------  T H R E A D  ---------------

Current thread (0x00000000030c4000):  JavaThread "Unknown thread" [_thread_in_vm, id=20764, stack(0x0000000002fb0000,0x00000000030b0000)]

Stack: [0x0000000002fb0000,0x00000000030b0000]
[error occurred during error reporting (printing stack bounds), id 0xc0000005]

Native frames: (J=compiled Java code, j=interpreted, Vv=VM code, C=native code)


---------------  P R O C E S S  ---------------

Java Threads: ( => current thread )

Other Threads:

=>0x00000000030c4000 (exited) JavaThread "Unknown thread" [_thread_in_vm, id=20764, stack(0x0000000002fb0000,0x00000000030b0000)]

VM state:not at safepoint (normal execution)

VM Mutex/Monitor currently owned by a thread: None

heap address: 0x00000005c1000000, size: 8176 MB, Compressed Oops mode: Zero based, Oop shift amount: 3
Narrow klass base: 0x0000000000000000, Narrow klass shift: 3
Compressed class space size: 1073741824 Address: 0x00000007c0000000

Heap:
 PSYoungGen      total 153088K, used 2631K [0x0000000715b00000, 0x0000000720580000, 0x00000007c0000000)
  eden space 131584K, 2% used [0x0000000715b00000,0x0000000715d91ec8,0x000000071db80000)
  from space 21504K, 0% used [0x000000071f080000,0x000000071f080000,0x0000000720580000)
  to   space 21504K, 0% used [0x000000071db80000,0x000000071db80000,0x000000071f080000)
 ParOldGen       total 349696K, used 0K [0x00000005c1000000, 0x00000005d6580000, 0x0000000715b00000)
  object space 349696K, 0% used [0x00000005c1000000,0x00000005c1000000,0x00000005d6580000)
 Metaspace       used 777K, capacity 4480K, committed 4480K, reserved 1056768K
  class space    used 74K, capacity 384K, committed 384K, reserved 1048576K

Card table byte_map: [0x0000000012580000,0x0000000013580000] byte_map_base: 0x000000000f778000

Marking Bits: (ParMarkBitMap*) 0x0000000057458f30
 Begin Bits: [0x0000000014a30000, 0x000000001c9f0000)
 End Bits:   [0x000000001c9f0000, 0x00000000249b0000)

Polling page: 0x00000000017a0000

CodeCache: size=245760Kb used=328Kb max_used=328Kb free=245431Kb
 bounds [0x00000000031c0000, 0x0000000003430000, 0x00000000121c0000]
 total_blobs=57 nmethods=0 adapters=38
 compilation: enabled

Compilation events (0 events):
No events

GC Heap History (0 events):
No events

Deoptimization events (0 events):
No events

Classes redefined (0 events):
No events

Internal exceptions (0 events):
No events

Events (10 events):
Event: 0.014 loading class java/lang/Short
Event: 0.014 loading class java/lang/Short done
Event: 0.014 loading class java/lang/Integer
Event: 0.014 loading class java/lang/Integer done
Event: 0.014 loading class java/lang/Long
Event: 0.014 loading class java/lang/Long done
Event: 0.015 loading class java/lang/NullPointerException
Event: 0.015 loading class java/lang/NullPointerException done
Event: 0.015 loading class java/lang/ArithmeticException
Event: 0.015 loading class java/lang/ArithmeticException done


Dynamic libraries:
0x00007ff774e00000 - 0x00007ff774e35000 	C:\Program Files\Android\Jdk\microsoft_dist_openjdk_1.8.0.25\bin\java.exe
0x00007ffadb2c0000 - 0x00007ffadb4b0000 	C:\WINDOWS\SYSTEM32\ntdll.dll
0x00007ffadaa30000 - 0x00007ffadaae2000 	C:\WINDOWS\System32\KERNEL32.DLL
0x00007ffad8ec0000 - 0x00007ffad9164000 	C:\WINDOWS\System32\KERNELBASE.dll
0x00007ffad9d60000 - 0x00007ffad9e03000 	C:\WINDOWS\System32\ADVAPI32.dll
0x00007ffad94d0000 - 0x00007ffad956e000 	C:\WINDOWS\System32\msvcrt.dll
0x00007ffadb1e0000 - 0x00007ffadb277000 	C:\WINDOWS\System32\sechost.dll
0x00007ffada790000 - 0x00007ffada8b0000 	C:\WINDOWS\System32\RPCRT4.dll
0x00007ffad9b90000 - 0x00007ffad9d24000 	C:\WINDOWS\System32\USER32.dll
0x00007ffad8cf0000 - 0x00007ffad8d11000 	C:\WINDOWS\System32\win32u.dll
0x00007ffad9d30000 - 0x00007ffad9d56000 	C:\WINDOWS\System32\GDI32.dll
0x00007ffad8a00000 - 0x00007ffad8b94000 	C:\WINDOWS\System32\gdi32full.dll
0x00007ffad92d0000 - 0x00007ffad936e000 	C:\WINDOWS\System32\msvcp_win.dll
0x00007ffad8dc0000 - 0x00007ffad8eba000 	C:\WINDOWS\System32\ucrtbase.dll
0x00007ffacbc10000 - 0x00007ffacbe94000 	C:\WINDOWS\WinSxS\amd64_microsoft.windows.common-controls_6595b64144ccf1df_6.0.18362.836_none_e6c4b943130f18ed\COMCTL32.dll
0x00007ffad9fe0000 - 0x00007ffada316000 	C:\WINDOWS\System32\combase.dll
0x00007ffad8d40000 - 0x00007ffad8dc0000 	C:\WINDOWS\System32\bcryptPrimitives.dll
0x00007ffad9940000 - 0x00007ffad996e000 	C:\WINDOWS\System32\IMM32.DLL
0x00000000574e0000 - 0x00000000575b1000 	C:\Program Files\Android\Jdk\microsoft_dist_openjdk_1.8.0.25\jre\bin\msvcr100.dll
0x0000000056c90000 - 0x00000000574d5000 	C:\Program Files\Android\Jdk\microsoft_dist_openjdk_1.8.0.25\jre\bin\server\jvm.dll
0x00007ffada910000 - 0x00007ffada918000 	C:\WINDOWS\System32\PSAPI.DLL
0x00007ffad45d0000 - 0x00007ffad45f4000 	C:\WINDOWS\SYSTEM32\WINMM.dll
0x00007ffac8c20000 - 0x00007ffac8c29000 	C:\WINDOWS\SYSTEM32\WSOCK32.dll
0x00007ffad2570000 - 0x00007ffad257a000 	C:\WINDOWS\SYSTEM32\VERSION.dll
0x00007ffad9e10000 - 0x00007ffad9e7f000 	C:\WINDOWS\System32\WS2_32.dll
0x00007ffad45a0000 - 0x00007ffad45cd000 	C:\WINDOWS\SYSTEM32\WINMMBASE.dll
0x00007ffad9280000 - 0x00007ffad92ca000 	C:\WINDOWS\System32\cfgmgr32.dll
0x00007ffacc180000 - 0x00007ffacc18f000 	C:\Program Files\Android\Jdk\microsoft_dist_openjdk_1.8.0.25\jre\bin\verify.dll
0x00007ffac9660000 - 0x00007ffac9689000 	C:\Program Files\Android\Jdk\microsoft_dist_openjdk_1.8.0.25\jre\bin\java.dll
0x00007ffac9730000 - 0x00007ffac9746000 	C:\Program Files\Android\Jdk\microsoft_dist_openjdk_1.8.0.25\jre\bin\zip.dll

VM Arguments:
java_command: com.xamarin.androidx.jetifierWrapper.Main -intermediate obj\Debug\100\androidx\_AndroidXJetifyManifest.jetify -parallel
java_class_path (initial): C:\Users\davamix\.nuget\packages\xamarin.androidx.migration\1.0.0\buildTransitive\monoandroid90\Tools/JetifierWrapper/jetifierWrapper-1.0.jar
Launcher Type: SUN_STANDARD

Environment Variables:
USERNAME=davamix
OS=Windows_NT
PROCESSOR_IDENTIFIER=Intel64 Family 6 Model 158 Stepping 10, GenuineIntel



---------------  S Y S T E M  ---------------

OS: Windows 10.0 , 64 bit Build 18362 (10.0.18362.778)

CPU:total 12 (initial active 12) (6 cores per cpu, 2 threads per core) family 6 model 158 stepping 10, cmov, cx8, fxsr, mmx, sse, sse2, sse3, ssse3, sse4.1, sse4.2, popcnt, avx, avx2, aes, clmul, erms, rtm, 3dnowpref, lzcnt, ht, tsc, tscinvbit, bmi1, bmi2, adx

Memory: 4k page, physical 33486848k(5499424k free), swap 33486848k(5196k free)

vm_info: OpenJDK 64-Bit Server VM (25.71-b00) for windows-amd64 JRE (1.8.0-25-microsoft-b00), built on Feb  7 2019 20:09:14 by "builder" with MS VC++ 10.0 (VS2010)

time: Wed Jun 10 07:35:01 2020
timezone: Romance Daylight Time
elapsed time: 0 seconds (0d 0h 0m 0s)

